[debug] [2020-08-22T01:05:53.747Z] ----------------------------------------------------------------------
[debug] [2020-08-22T01:05:53.750Z] Command:       /Users/taguchikana/.nodebrew/node/v8.17.0/bin/node /Users/taguchikana/.nodebrew/current/bin/firebase init
[debug] [2020-08-22T01:05:53.751Z] CLI Version:   8.9.0
[debug] [2020-08-22T01:05:53.751Z] Platform:      darwin
[debug] [2020-08-22T01:05:53.751Z] Node Version:  v8.17.0
[debug] [2020-08-22T01:05:53.751Z] Time:          Sat Aug 22 2020 10:05:53 GMT+0900 (JST)
[debug] [2020-08-22T01:05:53.752Z] ----------------------------------------------------------------------
[debug] [2020-08-22T01:05:53.752Z] 
[debug] [2020-08-22T01:05:53.770Z] > command requires scopes: ["email","openid","https://www.googleapis.com/auth/cloudplatformprojects.readonly","https://www.googleapis.com/auth/firebase","https://www.googleapis.com/auth/cloud-platform"]
[debug] [2020-08-22T01:05:53.771Z] > authorizing via signed-in user
[info] 
     ######## #### ########  ######## ########     ###     ######  ########
     ##        ##  ##     ## ##       ##     ##  ##   ##  ##       ##
     ######    ##  ########  ######   ########  #########  ######  ######
     ##        ##  ##    ##  ##       ##     ## ##     ##       ## ##
     ##       #### ##     ## ######## ########  ##     ##  ######  ########

You're about to initialize a Firebase project in this directory:

  /Users/taguchikana/Desktop/React/chatbot-demo

Before we get started, keep in mind:

  * You are initializing in an existing Firebase project directory

[info] 
=== Project Setup
[info] 
[info] First, let's associate this project directory with a Firebase project.
[info] You can create multiple project aliases by running firebase use --add, 
[info] but for now we'll just set up a default project.
[info] 
[info] i  .firebaserc already has a default project, using chatbot-demo-316ef. 
[debug] [2020-08-22T01:06:28.823Z] >>> HTTP REQUEST GET https://firebase.googleapis.com/v1beta1/projects/chatbot-demo-316ef  
 
[debug] [2020-08-22T01:06:29.657Z] <<< HTTP RESPONSE 200 {"content-type":"application/json; charset=UTF-8","vary":"X-Origin, Referer, Origin,Accept-Encoding","date":"Sat, 22 Aug 2020 01:06:29 GMT","server":"ESF","cache-control":"private","x-xss-protection":"0","x-frame-options":"SAMEORIGIN","x-content-type-options":"nosniff","alt-svc":"h3-29=\":443\"; ma=2592000,h3-27=\":443\"; ma=2592000,h3-T050=\":443\"; ma=2592000,h3-Q050=\":443\"; ma=2592000,h3-Q046=\":443\"; ma=2592000,h3-Q043=\":443\"; ma=2592000,quic=\":443\"; ma=2592000; v=\"46,43\"","accept-ranges":"none","transfer-encoding":"chunked"}
[info] 
=== Firestore Setup
[debug] [2020-08-22T01:06:29.661Z] >>> HTTP REQUEST GET https://serviceusage.googleapis.com/v1/projects/chatbot-demo-316ef/services/firestore.googleapis.com  
 
[debug] [2020-08-22T01:06:30.568Z] <<< HTTP RESPONSE 200 {"content-type":"application/json; charset=UTF-8","vary":"X-Origin, Referer, Origin,Accept-Encoding","date":"Sat, 22 Aug 2020 01:06:30 GMT","server":"ESF","cache-control":"private","x-xss-protection":"0","x-frame-options":"SAMEORIGIN","x-content-type-options":"nosniff","alt-svc":"h3-29=\":443\"; ma=2592000,h3-27=\":443\"; ma=2592000,h3-T050=\":443\"; ma=2592000,h3-Q050=\":443\"; ma=2592000,h3-Q046=\":443\"; ma=2592000,h3-Q043=\":443\"; ma=2592000,quic=\":443\"; ma=2592000; v=\"46,43\"","accept-ranges":"none","transfer-encoding":"chunked"}
[debug] [2020-08-22T01:06:30.571Z] >>> HTTP REQUEST GET https://appengine.googleapis.com/v1/apps/chatbot-demo-316ef  
 
[debug] [2020-08-22T01:06:31.120Z] <<< HTTP RESPONSE 200 {"content-type":"application/json; charset=UTF-8","vary":"X-Origin, Referer, Origin,Accept-Encoding","date":"Sat, 22 Aug 2020 01:06:31 GMT","server":"ESF","cache-control":"private","x-xss-protection":"0","x-frame-options":"SAMEORIGIN","x-content-type-options":"nosniff","alt-svc":"h3-29=\":443\"; ma=2592000,h3-27=\":443\"; ma=2592000,h3-T050=\":443\"; ma=2592000,h3-Q050=\":443\"; ma=2592000,h3-Q046=\":443\"; ma=2592000,h3-Q043=\":443\"; ma=2592000,quic=\":443\"; ma=2592000; v=\"46,43\"","accept-ranges":"none","transfer-encoding":"chunked"}
[debug] [2020-08-22T01:06:31.121Z] database_type: CLOUD_FIRESTORE
[debug] [2020-08-22T01:06:31.122Z] > command requires scopes: ["email","openid","https://www.googleapis.com/auth/cloudplatformprojects.readonly","https://www.googleapis.com/auth/firebase","https://www.googleapis.com/auth/cloud-platform"]
[debug] [2020-08-22T01:06:31.123Z] > authorizing via signed-in user
[debug] [2020-08-22T01:06:31.123Z] [iam] checking project chatbot-demo-316ef for permissions ["firebase.projects.get"]
[debug] [2020-08-22T01:06:31.125Z] >>> HTTP REQUEST POST https://cloudresourcemanager.googleapis.com/v1/projects/chatbot-demo-316ef:testIamPermissions  
 {"permissions":["firebase.projects.get"]}
[debug] [2020-08-22T01:06:31.924Z] <<< HTTP RESPONSE 200 {"content-type":"application/json; charset=UTF-8","vary":"X-Origin, Referer, Origin,Accept-Encoding","date":"Sat, 22 Aug 2020 01:06:31 GMT","server":"ESF","cache-control":"private","x-xss-protection":"0","x-frame-options":"SAMEORIGIN","x-content-type-options":"nosniff","server-timing":"gfet4t7; dur=593","alt-svc":"h3-29=\":443\"; ma=2592000,h3-27=\":443\"; ma=2592000,h3-T050=\":443\"; ma=2592000,h3-Q050=\":443\"; ma=2592000,h3-Q046=\":443\"; ma=2592000,h3-Q043=\":443\"; ma=2592000,quic=\":443\"; ma=2592000; v=\"46,43\"","accept-ranges":"none","transfer-encoding":"chunked"}
[info] 
[info] Firestore Security Rules allow you to define how and when to allow
[info] requests. You can keep these rules in your project directory
[info] and publish them with firebase deploy.
[info] 
[debug] [2020-08-22T01:07:00.623Z] >>> HTTP REQUEST GET https://firebaserules.googleapis.com/v1/projects/chatbot-demo-316ef/releases?pageSize=10&pageToken=  
 
[debug] [2020-08-22T01:07:01.808Z] <<< HTTP RESPONSE 200 {"content-type":"application/json; charset=UTF-8","vary":"X-Origin, Referer, Origin,Accept-Encoding","date":"Sat, 22 Aug 2020 01:07:01 GMT","server":"ESF","cache-control":"private","x-xss-protection":"0","x-frame-options":"SAMEORIGIN","x-content-type-options":"nosniff","alt-svc":"h3-29=\":443\"; ma=2592000,h3-27=\":443\"; ma=2592000,h3-T050=\":443\"; ma=2592000,h3-Q050=\":443\"; ma=2592000,h3-Q046=\":443\"; ma=2592000,h3-Q043=\":443\"; ma=2592000,quic=\":443\"; ma=2592000; v=\"46,43\"","accept-ranges":"none","transfer-encoding":"chunked"}
[debug] [2020-08-22T01:07:01.810Z] Found ruleset: projects/chatbot-demo-316ef/rulesets/c1394eb0-3fab-4d50-8547-07120ca05e66
[debug] [2020-08-22T01:07:01.811Z] >>> HTTP REQUEST GET https://firebaserules.googleapis.com/v1/projects/chatbot-demo-316ef/rulesets/c1394eb0-3fab-4d50-8547-07120ca05e66  
 
[debug] [2020-08-22T01:07:02.857Z] <<< HTTP RESPONSE 200 {"content-type":"application/json; charset=UTF-8","vary":"X-Origin, Referer, Origin,Accept-Encoding","date":"Sat, 22 Aug 2020 01:07:02 GMT","server":"ESF","cache-control":"private","x-xss-protection":"0","x-frame-options":"SAMEORIGIN","x-content-type-options":"nosniff","alt-svc":"h3-29=\":443\"; ma=2592000,h3-27=\":443\"; ma=2592000,h3-T050=\":443\"; ma=2592000,h3-Q050=\":443\"; ma=2592000,h3-Q046=\":443\"; ma=2592000,h3-Q043=\":443\"; ma=2592000,quic=\":443\"; ma=2592000; v=\"46,43\"","accept-ranges":"none","transfer-encoding":"chunked"}
[debug] [2020-08-22T01:07:03.003Z] Error: EISDIR: illegal operation on a directory, open '/Users/taguchikana/Desktop/React/chatbot-demo'
    at Object.fs.openSync (fs.js:646:18)
    at Object.fs.writeFileSync (fs.js:1299:33)
    at Config.writeProjectFile (/Users/taguchikana/.nodebrew/node/v8.17.0/lib/node_modules/firebase-tools/lib/config.js:155:8)
    at getRulesFromConsole.then (/Users/taguchikana/.nodebrew/node/v8.17.0/lib/node_modules/firebase-tools/lib/init/features/firestore/rules.js:50:27)
    at <anonymous>
    at process._tickDomainCallback (internal/process/next_tick.js:229:7)
[error] 
[error] Error: An unexpected error has occurred.
